# JRE version: OpenJDK Runtime Environment (8.0_152-b02) (build 1.8.0_152-release-1024-b02)
# Java VM: OpenJDK 64-Bit Server VM (25.152-b02 mixed mode windows-amd64 compressed oops)
Heap:
 PSYoungGen      total 407552K, used 227518K [0x00000000e0000000, 0x00000000ff200000, 0x0000000100000000)
  eden space 373760K, 51% used [0x00000000e0000000,0x00000000ebd2ff00,0x00000000f6d00000)
  from space 33792K, 99% used [0x00000000f6d00000,0x00000000f8dffb80,0x00000000f8e00000)
  to   space 45056K, 0% used [0x00000000fc600000,0x00000000fc600000,0x00000000ff200000)
 ParOldGen       total 181248K, used 83372K [0x00000000a0000000, 0x00000000ab100000, 0x00000000e0000000)
  object space 181248K, 45% used [0x00000000a0000000,0x00000000a516b0a0,0x00000000ab100000)
 Metaspace       used 115891K, capacity 121376K, committed 121676K, reserved 1155072K
  class space    used 14316K, capacity 15409K, committed 15488K, reserved 1048576K
GC Heap History (10 events):
Event: 6649.881 GC heap before
{Heap before GC invocations=23 (full 4):
 PSYoungGen      total 322048K, used 321794K [0x00000000e0000000, 0x00000000f7780000, 0x0000000100000000)
  eden space 310272K, 100% used [0x00000000e0000000,0x00000000f2f00000,0x00000000f2f00000)
  from space 11776K, 97% used [0x00000000f6c00000,0x00000000f7740878,0x00000000f7780000)
  to   space 33280K, 0% used [0x00000000f3680000,0x00000000f3680000,0x00000000f5700000)
 ParOldGen       total 181248K, used 66217K [0x00000000a0000000, 0x00000000ab100000, 0x00000000e0000000)
  object space 181248K, 36% used [0x00000000a0000000,0x00000000a40aa440,0x00000000ab100000)
 Metaspace       used 102103K, capacity 107030K, committed 107340K, reserved 1142784K
  class space    used 12892K, capacity 13862K, committed 13952K, reserved 1048576K
Event: 6649.961 GC heap after
Heap after GC invocations=23 (full 4):
 PSYoungGen      total 351232K, used 31466K [0x00000000e0000000, 0x00000000f9600000, 0x0000000100000000)
  eden space 317952K, 0% used [0x00000000e0000000,0x00000000e0000000,0x00000000f3680000)
  from space 33280K, 94% used [0x00000000f3680000,0x00000000f553a888,0x00000000f5700000)
  to   space 37888K, 0% used [0x00000000f7100000,0x00000000f7100000,0x00000000f9600000)
 ParOldGen       total 181248K, used 66225K [0x00000000a0000000, 0x00000000ab100000, 0x00000000e0000000)
  object space 181248K, 36% used [0x00000000a0000000,0x00000000a40ac440,0x00000000ab100000)
 Metaspace       used 102103K, capacity 107030K, committed 107340K, reserved 1142784K
  class space    used 12892K, capacity 13862K, committed 13952K, reserved 1048576K
}
Event: 6739.940 GC heap before
{Heap before GC invocations=24 (full 4):
 PSYoungGen      total 351232K, used 349418K [0x00000000e0000000, 0x00000000f9600000, 0x0000000100000000)
  eden space 317952K, 100% used [0x00000000e0000000,0x00000000f3680000,0x00000000f3680000)
  from space 33280K, 94% used [0x00000000f3680000,0x00000000f553a888,0x00000000f5700000)
  to   space 37888K, 0% used [0x00000000f7100000,0x00000000f7100000,0x00000000f9600000)
 ParOldGen       total 181248K, used 66225K [0x00000000a0000000, 0x00000000ab100000, 0x00000000e0000000)
  object space 181248K, 36% used [0x00000000a0000000,0x00000000a40ac440,0x00000000ab100000)
 Metaspace       used 108482K, capacity 113652K, committed 113996K, reserved 1148928K
  class space    used 13565K, capacity 14595K, committed 14720K, reserved 1048576K
Event: 6739.955 GC heap after
Heap after GC invocations=24 (full 4):
 PSYoungGen      total 378368K, used 15275K [0x00000000e0000000, 0x00000000f9480000, 0x0000000100000000)
  eden space 342016K, 0% used [0x00000000e0000000,0x00000000e0000000,0x00000000f4e00000)
  from space 36352K, 42% used [0x00000000f7100000,0x00000000f7feaf48,0x00000000f9480000)
  to   space 35840K, 0% used [0x00000000f4e00000,0x00000000f4e00000,0x00000000f7100000)
 ParOldGen       total 181248K, used 66233K [0x00000000a0000000, 0x00000000ab100000, 0x00000000e0000000)
  object space 181248K, 36% used [0x00000000a0000000,0x00000000a40ae440,0x00000000ab100000)
 Metaspace       used 108482K, capacity 113652K, committed 113996K, reserved 1148928K
  class space    used 13565K, capacity 14595K, committed 14720K, reserved 1048576K
}
Event: 6744.701 GC heap before
{Heap before GC invocations=25 (full 4):
 PSYoungGen      total 378368K, used 356547K [0x00000000e0000000, 0x00000000f9480000, 0x0000000100000000)
  eden space 342016K, 99% used [0x00000000e0000000,0x00000000f4d45de0,0x00000000f4e00000)
  from space 36352K, 42% used [0x00000000f7100000,0x00000000f7feaf48,0x00000000f9480000)
  to   space 35840K, 0% used [0x00000000f4e00000,0x00000000f4e00000,0x00000000f7100000)
 ParOldGen       total 181248K, used 66233K [0x00000000a0000000, 0x00000000ab100000, 0x00000000e0000000)
  object space 181248K, 36% used [0x00000000a0000000,0x00000000a40ae440,0x00000000ab100000)
 Metaspace       used 114583K, capacity 119820K, committed 120012K, reserved 1155072K
  class space    used 14227K, capacity 15279K, committed 15360K, reserved 1048576K
Event: 6744.727 GC heap after
Heap after GC invocations=25 (full 4):
 PSYoungGen      total 377856K, used 19984K [0x00000000e0000000, 0x00000000fb080000, 0x0000000100000000)
  eden space 342016K, 0% used [0x00000000e0000000,0x00000000e0000000,0x00000000f4e00000)
  from space 35840K, 55% used [0x00000000f4e00000,0x00000000f61841c0,0x00000000f7100000)
  to   space 35328K, 0% used [0x00000000f8e00000,0x00000000f8e00000,0x00000000fb080000)
 ParOldGen       total 181248K, used 66241K [0x00000000a0000000, 0x00000000ab100000, 0x00000000e0000000)
  object space 181248K, 36% used [0x00000000a0000000,0x00000000a40b0440,0x00000000ab100000)
 Metaspace       used 114583K, capacity 119820K, committed 120012K, reserved 1155072K
  class space    used 14227K, capacity 15279K, committed 15360K, reserved 1048576K
}
Event: 6746.775 GC heap before
{Heap before GC invocations=26 (full 4):
 PSYoungGen      total 377856K, used 362000K [0x00000000e0000000, 0x00000000fb080000, 0x0000000100000000)
  eden space 342016K, 100% used [0x00000000e0000000,0x00000000f4e00000,0x00000000f4e00000)
  from space 35840K, 55% used [0x00000000f4e00000,0x00000000f61841c0,0x00000000f7100000)
  to   space 35328K, 0% used [0x00000000f8e00000,0x00000000f8e00000,0x00000000fb080000)
 ParOldGen       total 181248K, used 66241K [0x00000000a0000000, 0x00000000ab100000, 0x00000000e0000000)
  object space 181248K, 36% used [0x00000000a0000000,0x00000000a40b0440,0x00000000ab100000)
 Metaspace       used 114815K, capacity 120138K, committed 120268K, reserved 1155072K
  class space    used 14263K, capacity 15320K, committed 15360K, reserved 1048576K
Event: 6746.788 GC heap after
Heap after GC invocations=26 (full 4):
 PSYoungGen      total 409088K, used 14841K [0x00000000e0000000, 0x00000000fb080000, 0x0000000100000000)
  eden space 373760K, 0% used [0x00000000e0000000,0x00000000e0000000,0x00000000f6d00000)
  from space 35328K, 42% used [0x00000000f8e00000,0x00000000f9c7e560,0x00000000fb080000)
  to   space 33792K, 0% used [0x00000000f6d00000,0x00000000f6d00000,0x00000000f8e00000)
 ParOldGen       total 181248K, used 66241K [0x00000000a0000000, 0x00000000ab100000, 0x00000000e0000000)
  object space 181248K, 36% used [0x00000000a0000000,0x00000000a40b0440,0x00000000ab100000)
 Metaspace       used 114815K, capacity 120138K, committed 120268K, reserved 1155072K
  class space    used 14263K, capacity 15320K, committed 15360K, reserved 1048576K
}
Event: 6753.755 GC heap before
{Heap before GC invocations=27 (full 4):
 PSYoungGen      total 409088K, used 388601K [0x00000000e0000000, 0x00000000fb080000, 0x0000000100000000)
  eden space 373760K, 100% used [0x00000000e0000000,0x00000000f6d00000,0x00000000f6d00000)
  from space 35328K, 42% used [0x00000000f8e00000,0x00000000f9c7e560,0x00000000fb080000)
  to   space 33792K, 0% used [0x00000000f6d00000,0x00000000f6d00000,0x00000000f8e00000)
 ParOldGen       total 181248K, used 66241K [0x00000000a0000000, 0x00000000ab100000, 0x00000000e0000000)
  object space 181248K, 36% used [0x00000000a0000000,0x00000000a40b0440,0x00000000ab100000)
 Metaspace       used 115751K, capacity 121236K, committed 121420K, reserved 1155072K
  class space    used 14315K, capacity 15409K, committed 15488K, reserved 1048576K
Event: 6753.834 GC heap after
Heap after GC invocations=27 (full 4):
 PSYoungGen      total 407552K, used 33790K [0x00000000e0000000, 0x00000000ff200000, 0x0000000100000000)
  eden space 373760K, 0% used [0x00000000e0000000,0x00000000e0000000,0x00000000f6d00000)
  from space 33792K, 99% used [0x00000000f6d00000,0x00000000f8dffb80,0x00000000f8e00000)
  to   space 45056K, 0% used [0x00000000fc600000,0x00000000fc600000,0x00000000ff200000)
 ParOldGen       total 181248K, used 83372K [0x00000000a0000000, 0x00000000ab100000, 0x00000000e0000000)
  object space 181248K, 45% used [0x00000000a0000000,0x00000000a516b0a0,0x00000000ab100000)
 Metaspace       used 115751K, capacity 121236K, committed 121420K, reserved 1155072K
  class space    used 14315K, capacity 15409K, committed 15488K, reserved 1048576K
}

